<?xml version="1.0" encoding="utf-8"?>
<TestRun id="64be1612-b2f4-451c-9d31-3ecb7514a18e" name="dmansilla@EN2110323 2024-07-23 12:16:52" runUser="ENDAVA\dmansilla" xmlns="http://microsoft.com/schemas/VisualStudio/TeamTest/2010">
  <Times creation="2024-07-23T12:16:52.5380362-03:00" queuing="2024-07-23T12:16:52.5380364-03:00" start="2024-07-23T12:16:42.8318982-03:00" finish="2024-07-23T12:17:31.9785467-03:00" />
  <TestSettings name="default" id="421ecf45-d4a5-4480-95f1-6b07c018fc44">
    <Deployment runDeploymentRoot="dmansilla_EN2110323_2024-07-23_12_16_52" />
  </TestSettings>
  <Results>
    <UnitTestResult executionId="328091fe-8643-437f-a639-f736c2982f7a" testId="b584c6c4-a450-2e6d-5a41-fc5a75fef24d" testName="LoginWithValidCredentials" computerName="EN2110323" duration="00:00:00.7948470" startTime="2024-07-23T12:17:26.5401111-03:00" endTime="2024-07-23T12:17:27.3349543-03:00" testType="13cdc9d9-ddb5-4fa4-a97d-d965ccfc6d4b" outcome="Passed" testListId="8c84fa94-04c1-424b-9868-57a2d4851a1d" relativeResultsDirectory="328091fe-8643-437f-a639-f736c2982f7a" />
    <UnitTestResult executionId="0fafd001-1acb-4be3-ad07-4f040d0def1e" testId="9f04b3ad-a8f4-ee86-3c06-770c610768ac" testName="LoginWithInvalidUsername" computerName="EN2110323" duration="00:00:00.6933650" startTime="2024-07-23T12:17:25.0392346-03:00" endTime="2024-07-23T12:17:25.7325974-03:00" testType="13cdc9d9-ddb5-4fa4-a97d-d965ccfc6d4b" outcome="Passed" testListId="8c84fa94-04c1-424b-9868-57a2d4851a1d" relativeResultsDirectory="0fafd001-1acb-4be3-ad07-4f040d0def1e" />
    <UnitTestResult executionId="25954907-4ce3-42fb-9717-35a3b6c02e73" testId="a3320c03-7c86-df84-ca9b-1d6dc3885fc2" testName="AddProductToCart" computerName="EN2110323" duration="00:00:02.3193020" startTime="2024-07-23T12:17:29.2057517-03:00" endTime="2024-07-23T12:17:31.5250444-03:00" testType="13cdc9d9-ddb5-4fa4-a97d-d965ccfc6d4b" outcome="Passed" testListId="8c84fa94-04c1-424b-9868-57a2d4851a1d" relativeResultsDirectory="25954907-4ce3-42fb-9717-35a3b6c02e73" />
    <UnitTestResult executionId="c3e626be-f157-41aa-b119-c076aa061133" testId="a5134fe6-3f20-13b2-c3cd-9ee85bdaebc8" testName="LoginWithoutCredentials" computerName="EN2110323" duration="00:00:00.2793080" startTime="2024-07-23T12:17:25.7326379-03:00" endTime="2024-07-23T12:17:26.0119440-03:00" testType="13cdc9d9-ddb5-4fa4-a97d-d965ccfc6d4b" outcome="Passed" testListId="8c84fa94-04c1-424b-9868-57a2d4851a1d" relativeResultsDirectory="c3e626be-f157-41aa-b119-c076aa061133" />
    <UnitTestResult executionId="b7d59723-1582-4ee0-b06e-ac3ffaf12307" testId="b1567c94-eafb-05a6-10fa-3ad4fc41eb21" testName="ContinuAddingProductsToCart" computerName="EN2110323" duration="00:00:00.5881850" startTime="2024-07-23T12:16:52.5046469-03:00" endTime="2024-07-23T12:16:53.0928287-03:00" testType="13cdc9d9-ddb5-4fa4-a97d-d965ccfc6d4b" outcome="Passed" testListId="8c84fa94-04c1-424b-9868-57a2d4851a1d" relativeResultsDirectory="b7d59723-1582-4ee0-b06e-ac3ffaf12307" />
    <UnitTestResult executionId="0cd170f6-88e6-4e5b-8cf1-904872645dd7" testId="6497b4b2-0b3d-6fc6-c677-371a7c9baa87" testName="LoginWithoutPassword" computerName="EN2110323" duration="00:00:00.2780980" startTime="2024-07-23T12:17:26.0119871-03:00" endTime="2024-07-23T12:17:26.2900830-03:00" testType="13cdc9d9-ddb5-4fa4-a97d-d965ccfc6d4b" outcome="Passed" testListId="8c84fa94-04c1-424b-9868-57a2d4851a1d" relativeResultsDirectory="0cd170f6-88e6-4e5b-8cf1-904872645dd7" />
    <UnitTestResult executionId="d465b782-652a-4461-99fc-550fd2957bb1" testId="b49c9bf8-6eff-d9e0-db24-66cada5d6299" testName="ProductDetails" computerName="EN2110323" duration="00:00:00.2029340" startTime="2024-07-23T12:17:22.9812153-03:00" endTime="2024-07-23T12:17:23.1841482-03:00" testType="13cdc9d9-ddb5-4fa4-a97d-d965ccfc6d4b" outcome="Failed" testListId="8c84fa94-04c1-424b-9868-57a2d4851a1d" relativeResultsDirectory="d465b782-652a-4461-99fc-550fd2957bb1">
      <Output>
        <ErrorInfo>
          <Message>  Expected string length 19 but was 24. Strings differ at index 11.&#xD;
  Expected: "Sauce Labs Backpack"&#xD;
  But was:  "Sauce Labs Fleece Jacket"&#xD;
  ----------------------^&#xD;
</Message>
          <StackTrace>   at TestProject.e2e.inventory.InventoryTests.ProductDetails() in C:\Diorella Mansilla\Selenium\AutomationTests\TestProject\e2e\inventory\inventory.cs:line 38&#xD;

1)    at TestProject.e2e.inventory.InventoryTests.ProductDetails() in C:\Diorella Mansilla\Selenium\AutomationTests\TestProject\e2e\inventory\inventory.cs:line 38&#xD;

</StackTrace>
        </ErrorInfo>
      </Output>
    </UnitTestResult>
    <UnitTestResult executionId="6b354d42-ad29-47c7-8b3e-721c90b15473" testId="d6b7455e-c39e-8288-3098-52a7a2a69f7d" testName="AddProductToCart" computerName="EN2110323" duration="00:00:07.2565980" startTime="2024-07-23T12:16:45.2470963-03:00" endTime="2024-07-23T12:16:52.5036166-03:00" testType="13cdc9d9-ddb5-4fa4-a97d-d965ccfc6d4b" outcome="Passed" testListId="8c84fa94-04c1-424b-9868-57a2d4851a1d" relativeResultsDirectory="6b354d42-ad29-47c7-8b3e-721c90b15473" />
    <UnitTestResult executionId="e92c28c1-edcb-4d7e-a3c7-e4a460c1fee4" testId="7e7839e1-42fc-6846-5470-b5832524e461" testName="LoginWithoutUsername" computerName="EN2110323" duration="00:00:00.2499490" startTime="2024-07-23T12:17:26.2901255-03:00" endTime="2024-07-23T12:17:26.5400727-03:00" testType="13cdc9d9-ddb5-4fa4-a97d-d965ccfc6d4b" outcome="Passed" testListId="8c84fa94-04c1-424b-9868-57a2d4851a1d" relativeResultsDirectory="e92c28c1-edcb-4d7e-a3c7-e4a460c1fee4" />
    <UnitTestResult executionId="0d6d2d7b-1b25-4b0d-b280-e61fb76822f1" testId="7f2b4ca5-4214-1a60-4e10-4f19c7e050de" testName="AddProductToCart" computerName="EN2110323" duration="00:00:01.9080610" startTime="2024-07-23T12:17:20.8095980-03:00" endTime="2024-07-23T12:17:22.7176572-03:00" testType="13cdc9d9-ddb5-4fa4-a97d-d965ccfc6d4b" outcome="Failed" testListId="8c84fa94-04c1-424b-9868-57a2d4851a1d" relativeResultsDirectory="0d6d2d7b-1b25-4b0d-b280-e61fb76822f1">
      <Output>
        <ErrorInfo>
          <Message>OpenQA.Selenium.NoSuchElementException : no such element: Unable to locate element: {"method":"css selector","selector":".fa-layers-counter.shopping_cart_badge"}&#xD;
  (Session info: chrome=126.0.6478.128); For documentation on this error, please visit: https://www.selenium.dev/documentation/webdriver/troubleshooting/errors#no-such-element-exception</Message>
          <StackTrace>   at OpenQA.Selenium.WebDriver.UnpackAndThrowOnError(Response errorResponse, String commandToExecute)&#xD;
   at OpenQA.Selenium.WebDriver.ExecuteAsync(String driverCommandToExecute, Dictionary`2 parameters)&#xD;
   at OpenQA.Selenium.WebDriver.Execute(String driverCommandToExecute, Dictionary`2 parameters)&#xD;
   at OpenQA.Selenium.WebDriver.FindElement(String mechanism, String value)&#xD;
   at OpenQA.Selenium.By.&lt;.ctor&gt;b__11_0(ISearchContext context)&#xD;
   at OpenQA.Selenium.By.FindElement(ISearchContext context)&#xD;
   at OpenQA.Selenium.WebDriver.FindElement(By by)&#xD;
   at TestProject.support.page_objects.pageBase.PageBase.get_CartBadgeIcon() in C:\Diorella Mansilla\Selenium\AutomationTests\TestProject\support\page-objects\base\PageBase.cs:line 9&#xD;
   at TestProject.e2e.inventory.InventoryTests.AddProductToCart() in C:\Diorella Mansilla\Selenium\AutomationTests\TestProject\e2e\inventory\inventory.cs:line 20&#xD;
   at System.RuntimeMethodHandle.InvokeMethod(Object target, Void** arguments, Signature sig, Boolean isConstructor)&#xD;
   at System.Reflection.MethodBaseInvoker.InvokeWithNoArgs(Object obj, BindingFlags invokeAttr)
</StackTrace>
        </ErrorInfo>
      </Output>
    </UnitTestResult>
    <UnitTestResult executionId="05c8d02b-8da4-4a68-9c21-0974fea417b3" testId="9fc87bb9-a1d7-c84a-09f9-887299b325f3" testName="SortProductsHighToLow" computerName="EN2110323" duration="00:00:00.2771380" startTime="2024-07-23T12:17:31.5250817-03:00" endTime="2024-07-23T12:17:31.8022185-03:00" testType="13cdc9d9-ddb5-4fa4-a97d-d965ccfc6d4b" outcome="Passed" testListId="8c84fa94-04c1-424b-9868-57a2d4851a1d" relativeResultsDirectory="05c8d02b-8da4-4a68-9c21-0974fea417b3" />
    <UnitTestResult executionId="b21f6d3e-8b70-4cae-b054-dc510dab7539" testId="34c8bd97-dd05-1b87-ee4c-82b2b7d50134" testName="BackButtonRedirection" computerName="EN2110323" duration="00:00:00.2633930" startTime="2024-07-23T12:17:22.7177769-03:00" endTime="2024-07-23T12:17:22.9811684-03:00" testType="13cdc9d9-ddb5-4fa4-a97d-d965ccfc6d4b" outcome="Passed" testListId="8c84fa94-04c1-424b-9868-57a2d4851a1d" relativeResultsDirectory="b21f6d3e-8b70-4cae-b054-dc510dab7539" />
    <UnitTestResult executionId="cec979c1-1ace-4a26-b815-e5e85de6da02" testId="3683f16b-3d98-401e-7d24-c528d67ce8e3" testName="RemoveProductToCart" computerName="EN2110323" duration="00:00:25.6856000" startTime="2024-07-23T12:16:53.0928953-03:00" endTime="2024-07-23T12:17:18.7783974-03:00" testType="13cdc9d9-ddb5-4fa4-a97d-d965ccfc6d4b" outcome="Passed" testListId="8c84fa94-04c1-424b-9868-57a2d4851a1d" relativeResultsDirectory="cec979c1-1ace-4a26-b815-e5e85de6da02">
      <Output>
        <StdOut>Error: Timed out after 20 seconds</StdOut>
      </Output>
    </UnitTestResult>
  </Results>
  <TestDefinitions>
    <UnitTest name="LoginWithoutUsername" storage="c:\diorella mansilla\selenium\automationtests\testproject\bin\debug\net8.0\testproject.dll" id="7e7839e1-42fc-6846-5470-b5832524e461">
      <Execution id="e92c28c1-edcb-4d7e-a3c7-e4a460c1fee4" />
      <TestMethod codeBase="C:\Diorella Mansilla\Selenium\AutomationTests\TestProject\bin\Debug\net8.0\TestProject.dll" adapterTypeName="executor://nunit3testexecutor/" className="TestProject.e2e.login.LogInTests" name="LoginWithoutUsername" />
    </UnitTest>
    <UnitTest name="AddProductToCart" storage="c:\diorella mansilla\selenium\automationtests\testproject\bin\debug\net8.0\testproject.dll" id="a3320c03-7c86-df84-ca9b-1d6dc3885fc2">
      <Execution id="25954907-4ce3-42fb-9717-35a3b6c02e73" />
      <TestMethod codeBase="C:\Diorella Mansilla\Selenium\AutomationTests\TestProject\bin\Debug\net8.0\TestProject.dll" adapterTypeName="executor://nunit3testexecutor/" className="TestProject.e2e.products.ProductsTests" name="AddProductToCart" />
    </UnitTest>
    <UnitTest name="AddProductToCart" storage="c:\diorella mansilla\selenium\automationtests\testproject\bin\debug\net8.0\testproject.dll" id="7f2b4ca5-4214-1a60-4e10-4f19c7e050de">
      <Execution id="0d6d2d7b-1b25-4b0d-b280-e61fb76822f1" />
      <TestMethod codeBase="C:\Diorella Mansilla\Selenium\AutomationTests\TestProject\bin\Debug\net8.0\TestProject.dll" adapterTypeName="executor://nunit3testexecutor/" className="TestProject.e2e.inventory.InventoryTests" name="AddProductToCart" />
    </UnitTest>
    <UnitTest name="LoginWithValidCredentials" storage="c:\diorella mansilla\selenium\automationtests\testproject\bin\debug\net8.0\testproject.dll" id="b584c6c4-a450-2e6d-5a41-fc5a75fef24d">
      <Execution id="328091fe-8643-437f-a639-f736c2982f7a" />
      <TestMethod codeBase="C:\Diorella Mansilla\Selenium\AutomationTests\TestProject\bin\Debug\net8.0\TestProject.dll" adapterTypeName="executor://nunit3testexecutor/" className="TestProject.e2e.login.LogInTests" name="LoginWithValidCredentials" />
    </UnitTest>
    <UnitTest name="RemoveProductToCart" storage="c:\diorella mansilla\selenium\automationtests\testproject\bin\debug\net8.0\testproject.dll" id="3683f16b-3d98-401e-7d24-c528d67ce8e3">
      <Execution id="cec979c1-1ace-4a26-b815-e5e85de6da02" />
      <TestMethod codeBase="C:\Diorella Mansilla\Selenium\AutomationTests\TestProject\bin\Debug\net8.0\TestProject.dll" adapterTypeName="executor://nunit3testexecutor/" className="TestProject.e2e.cart.CartTests" name="RemoveProductToCart" />
    </UnitTest>
    <UnitTest name="LoginWithoutCredentials" storage="c:\diorella mansilla\selenium\automationtests\testproject\bin\debug\net8.0\testproject.dll" id="a5134fe6-3f20-13b2-c3cd-9ee85bdaebc8">
      <Execution id="c3e626be-f157-41aa-b119-c076aa061133" />
      <TestMethod codeBase="C:\Diorella Mansilla\Selenium\AutomationTests\TestProject\bin\Debug\net8.0\TestProject.dll" adapterTypeName="executor://nunit3testexecutor/" className="TestProject.e2e.login.LogInTests" name="LoginWithoutCredentials" />
    </UnitTest>
    <UnitTest name="SortProductsHighToLow" storage="c:\diorella mansilla\selenium\automationtests\testproject\bin\debug\net8.0\testproject.dll" id="9fc87bb9-a1d7-c84a-09f9-887299b325f3">
      <Execution id="05c8d02b-8da4-4a68-9c21-0974fea417b3" />
      <TestMethod codeBase="C:\Diorella Mansilla\Selenium\AutomationTests\TestProject\bin\Debug\net8.0\TestProject.dll" adapterTypeName="executor://nunit3testexecutor/" className="TestProject.e2e.products.ProductsTests" name="SortProductsHighToLow" />
    </UnitTest>
    <UnitTest name="ContinuAddingProductsToCart" storage="c:\diorella mansilla\selenium\automationtests\testproject\bin\debug\net8.0\testproject.dll" id="b1567c94-eafb-05a6-10fa-3ad4fc41eb21">
      <Execution id="b7d59723-1582-4ee0-b06e-ac3ffaf12307" />
      <TestMethod codeBase="C:\Diorella Mansilla\Selenium\AutomationTests\TestProject\bin\Debug\net8.0\TestProject.dll" adapterTypeName="executor://nunit3testexecutor/" className="TestProject.e2e.cart.CartTests" name="ContinuAddingProductsToCart" />
    </UnitTest>
    <UnitTest name="AddProductToCart" storage="c:\diorella mansilla\selenium\automationtests\testproject\bin\debug\net8.0\testproject.dll" id="d6b7455e-c39e-8288-3098-52a7a2a69f7d">
      <Execution id="6b354d42-ad29-47c7-8b3e-721c90b15473" />
      <TestMethod codeBase="C:\Diorella Mansilla\Selenium\AutomationTests\TestProject\bin\Debug\net8.0\TestProject.dll" adapterTypeName="executor://nunit3testexecutor/" className="TestProject.e2e.cart.CartTests" name="AddProductToCart" />
    </UnitTest>
    <UnitTest name="BackButtonRedirection" storage="c:\diorella mansilla\selenium\automationtests\testproject\bin\debug\net8.0\testproject.dll" id="34c8bd97-dd05-1b87-ee4c-82b2b7d50134">
      <Execution id="b21f6d3e-8b70-4cae-b054-dc510dab7539" />
      <TestMethod codeBase="C:\Diorella Mansilla\Selenium\AutomationTests\TestProject\bin\Debug\net8.0\TestProject.dll" adapterTypeName="executor://nunit3testexecutor/" className="TestProject.e2e.inventory.InventoryTests" name="BackButtonRedirection" />
    </UnitTest>
    <UnitTest name="LoginWithInvalidUsername" storage="c:\diorella mansilla\selenium\automationtests\testproject\bin\debug\net8.0\testproject.dll" id="9f04b3ad-a8f4-ee86-3c06-770c610768ac">
      <Execution id="0fafd001-1acb-4be3-ad07-4f040d0def1e" />
      <TestMethod codeBase="C:\Diorella Mansilla\Selenium\AutomationTests\TestProject\bin\Debug\net8.0\TestProject.dll" adapterTypeName="executor://nunit3testexecutor/" className="TestProject.e2e.login.LogInTests" name="LoginWithInvalidUsername" />
    </UnitTest>
    <UnitTest name="ProductDetails" storage="c:\diorella mansilla\selenium\automationtests\testproject\bin\debug\net8.0\testproject.dll" id="b49c9bf8-6eff-d9e0-db24-66cada5d6299">
      <Execution id="d465b782-652a-4461-99fc-550fd2957bb1" />
      <TestMethod codeBase="C:\Diorella Mansilla\Selenium\AutomationTests\TestProject\bin\Debug\net8.0\TestProject.dll" adapterTypeName="executor://nunit3testexecutor/" className="TestProject.e2e.inventory.InventoryTests" name="ProductDetails" />
    </UnitTest>
    <UnitTest name="LoginWithoutPassword" storage="c:\diorella mansilla\selenium\automationtests\testproject\bin\debug\net8.0\testproject.dll" id="6497b4b2-0b3d-6fc6-c677-371a7c9baa87">
      <Execution id="0cd170f6-88e6-4e5b-8cf1-904872645dd7" />
      <TestMethod codeBase="C:\Diorella Mansilla\Selenium\AutomationTests\TestProject\bin\Debug\net8.0\TestProject.dll" adapterTypeName="executor://nunit3testexecutor/" className="TestProject.e2e.login.LogInTests" name="LoginWithoutPassword" />
    </UnitTest>
  </TestDefinitions>
  <TestEntries>
    <TestEntry testId="b584c6c4-a450-2e6d-5a41-fc5a75fef24d" executionId="328091fe-8643-437f-a639-f736c2982f7a" testListId="8c84fa94-04c1-424b-9868-57a2d4851a1d" />
    <TestEntry testId="9f04b3ad-a8f4-ee86-3c06-770c610768ac" executionId="0fafd001-1acb-4be3-ad07-4f040d0def1e" testListId="8c84fa94-04c1-424b-9868-57a2d4851a1d" />
    <TestEntry testId="a3320c03-7c86-df84-ca9b-1d6dc3885fc2" executionId="25954907-4ce3-42fb-9717-35a3b6c02e73" testListId="8c84fa94-04c1-424b-9868-57a2d4851a1d" />
    <TestEntry testId="a5134fe6-3f20-13b2-c3cd-9ee85bdaebc8" executionId="c3e626be-f157-41aa-b119-c076aa061133" testListId="8c84fa94-04c1-424b-9868-57a2d4851a1d" />
    <TestEntry testId="b1567c94-eafb-05a6-10fa-3ad4fc41eb21" executionId="b7d59723-1582-4ee0-b06e-ac3ffaf12307" testListId="8c84fa94-04c1-424b-9868-57a2d4851a1d" />
    <TestEntry testId="6497b4b2-0b3d-6fc6-c677-371a7c9baa87" executionId="0cd170f6-88e6-4e5b-8cf1-904872645dd7" testListId="8c84fa94-04c1-424b-9868-57a2d4851a1d" />
    <TestEntry testId="b49c9bf8-6eff-d9e0-db24-66cada5d6299" executionId="d465b782-652a-4461-99fc-550fd2957bb1" testListId="8c84fa94-04c1-424b-9868-57a2d4851a1d" />
    <TestEntry testId="d6b7455e-c39e-8288-3098-52a7a2a69f7d" executionId="6b354d42-ad29-47c7-8b3e-721c90b15473" testListId="8c84fa94-04c1-424b-9868-57a2d4851a1d" />
    <TestEntry testId="7e7839e1-42fc-6846-5470-b5832524e461" executionId="e92c28c1-edcb-4d7e-a3c7-e4a460c1fee4" testListId="8c84fa94-04c1-424b-9868-57a2d4851a1d" />
    <TestEntry testId="7f2b4ca5-4214-1a60-4e10-4f19c7e050de" executionId="0d6d2d7b-1b25-4b0d-b280-e61fb76822f1" testListId="8c84fa94-04c1-424b-9868-57a2d4851a1d" />
    <TestEntry testId="9fc87bb9-a1d7-c84a-09f9-887299b325f3" executionId="05c8d02b-8da4-4a68-9c21-0974fea417b3" testListId="8c84fa94-04c1-424b-9868-57a2d4851a1d" />
    <TestEntry testId="34c8bd97-dd05-1b87-ee4c-82b2b7d50134" executionId="b21f6d3e-8b70-4cae-b054-dc510dab7539" testListId="8c84fa94-04c1-424b-9868-57a2d4851a1d" />
    <TestEntry testId="3683f16b-3d98-401e-7d24-c528d67ce8e3" executionId="cec979c1-1ace-4a26-b815-e5e85de6da02" testListId="8c84fa94-04c1-424b-9868-57a2d4851a1d" />
  </TestEntries>
  <TestLists>
    <TestList name="Results Not in a List" id="8c84fa94-04c1-424b-9868-57a2d4851a1d" />
    <TestList name="All Loaded Results" id="19431567-8539-422a-85d7-44ee4e166bda" />
  </TestLists>
  <ResultSummary outcome="Failed">
    <Counters total="13" executed="13" passed="11" failed="2" error="0" timeout="0" aborted="0" inconclusive="0" passedButRunAborted="0" notRunnable="0" notExecuted="0" disconnected="0" warning="0" completed="0" inProgress="0" pending="0" />
    <Output>
      <StdOut>NUnit Adapter 4.5.0.0: Test execution started&#xD;
Running selected tests in C:\Diorella Mansilla\Selenium\AutomationTests\TestProject\bin\Debug\net8.0\TestProject.dll&#xD;
   NUnit3TestExecutor discovered 13 of 13 NUnit test cases using Current Discovery mode, Non-Explicit run&#xD;
NUnit Adapter 4.5.0.0: Test execution complete&#xD;
</StdOut>
    </Output>
    <RunInfos>
      <RunInfo computerName="EN2110323" outcome="Warning" timestamp="2024-07-23T12:17:18.7798687-03:00">
        <Text>Error: Timed out after 20 seconds&#xD;
</Text>
      </RunInfo>
    </RunInfos>
  </ResultSummary>
</TestRun>