<?xml version="1.0" encoding="utf-8"?>
<TestRun id="9da8fba3-ab49-4d9d-93cb-8df48227a359" name="dmansilla@EN2110323 2024-07-23 13:25:56" runUser="ENDAVA\dmansilla" xmlns="http://microsoft.com/schemas/VisualStudio/TeamTest/2010">
  <Times creation="2024-07-23T13:25:56.8092263-03:00" queuing="2024-07-23T13:25:56.8092266-03:00" start="2024-07-23T13:25:55.8644008-03:00" finish="2024-07-23T13:25:56.8096083-03:00" />
  <TestSettings name="default" id="7483721e-3b2b-4cb0-84f0-8aea0fec7b1c">
    <Deployment runDeploymentRoot="dmansilla_EN2110323_2024-07-23_13_25_56" />
  </TestSettings>
  <TestLists>
    <TestList name="Results Not in a List" id="8c84fa94-04c1-424b-9868-57a2d4851a1d" />
    <TestList name="All Loaded Results" id="19431567-8539-422a-85d7-44ee4e166bda" />
  </TestLists>
  <ResultSummary outcome="Completed">
    <Counters total="0" executed="0" passed="0" failed="0" error="0" timeout="0" aborted="0" inconclusive="0" passedButRunAborted="0" notRunnable="0" notExecuted="0" disconnected="0" warning="0" completed="0" inProgress="0" pending="0" />
    <Output>
      <StdOut>NUnit Adapter 4.5.0.0: Test execution started&#xD;
Running selected tests in C:\Diorella Mansilla\Selenium\AutomationTests\TestProject\bin\Debug\net8.0\TestProject.dll&#xD;
   NUnit3TestExecutor discovered 0 of 0 NUnit test cases using Current Discovery mode, Explicit run&#xD;
NUnit Adapter 4.5.0.0: Test execution complete&#xD;
</StdOut>
    </Output>
    <RunInfos>
      <RunInfo computerName="EN2110323" outcome="Warning" timestamp="2024-07-23T13:25:56.7605766-03:00">
        <Text>No test matches the given testcase filter `FullyQualifiedName~TestProject.AutomationTests` in C:\Diorella Mansilla\Selenium\AutomationTests\TestProject\bin\Debug\net8.0\TestProject.dll</Text>
      </RunInfo>
    </RunInfos>
  </ResultSummary>
</TestRun>